<?xml version="1.0" encoding="UTF-8"?>
<!-- Generated by org.testng.reporters.JUnitReportReporter -->
<testsuite hostname="DESKTOP-3GVO40S" failures="0" tests="1" name="TestNg.PassTheDataFromTestNgFile" time="22.962" errors="0" timestamp="2021-10-29T10:22:34 IST" skipped="0">
  <testcase classname="TestNg.PassTheDataFromTestNgFile" name="qsp" time="22.962"/>
  <system-out/>
</testsuite> <!-- TestNg.PassTheDataFromTestNgFile -->
