<?xml version="1.0" encoding="UTF-8"?>
<!-- Generated by org.testng.reporters.JUnitReportReporter -->
<testsuite hostname="DESKTOP-3GVO40S" failures="0" tests="3" name="TestNg.TestCase7" time="0.016" errors="0" timestamp="2021-10-28T12:37:21 IST" skipped="1">
  <testcase classname="TestNg.TestCase7" name="c1" time="0.014"/>
  <system-out/>
  <testcase classname="TestNg.TestCase7" name="d1" time="0.002"/>
  <system-out/>
  <testcase classname="TestNg.TestCase7" name="a1">
    <skipped/>
  </testcase> <!-- a1 -->
  <system-out/>
</testsuite> <!-- TestNg.TestCase7 -->
