<?xml version="1.0" encoding="UTF-8"?>
<!-- Generated by org.testng.reporters.JUnitReportReporter -->
<testsuite hostname="DESKTOP-3GVO40S" failures="0" tests="2" name="TestNg.TestCase2" time="37.943" errors="0" timestamp="2021-10-28T12:37:21 IST" skipped="0">
  <testcase classname="TestNg.TestCase2" name="actiTimeTestNg" time="19.719"/>
  <system-out/>
  <testcase classname="TestNg.TestCase2" name="actiTimeTestNg" time="18.224"/>
  <system-out/>
</testsuite> <!-- TestNg.TestCase2 -->
