<?xml version="1.0" encoding="UTF-8"?>
<!-- Generated by org.testng.reporters.JUnitReportReporter -->
<testsuite hostname="DESKTOP-3GVO40S" failures="0" tests="1" name="TestNg.Parallelmyntra" time="50.277" errors="0" timestamp="2021-10-29T11:17:40 IST" skipped="0">
  <testcase classname="TestNg.Parallelmyntra" name="nav4" time="50.277"/>
  <system-out/>
</testsuite> <!-- TestNg.Parallelmyntra -->
