<?xml version="1.0" encoding="UTF-8"?>
<!-- Generated by org.testng.reporters.JUnitReportReporter -->
<testsuite hostname="DESKTOP-3GVO40S" failures="0" tests="4" name="TestNg.Testcase10" time="0.012" errors="0" timestamp="2021-10-28T12:37:21 IST" skipped="0">
  <testcase classname="TestNg.Testcase10" name="a1" time="0.002"/>
  <system-out/>
  <testcase classname="TestNg.Testcase10" name="c1" time="0.006"/>
  <system-out/>
  <testcase classname="TestNg.Testcase10" name="d1" time="0.002"/>
  <system-out/>
  <testcase classname="TestNg.Testcase10" name="b1" time="0.002"/>
  <system-out/>
</testsuite> <!-- TestNg.Testcase10 -->
