<?xml version="1.0" encoding="UTF-8"?>
<!-- Generated by org.testng.reporters.JUnitReportReporter -->
<testsuite hostname="DESKTOP-3GVO40S" failures="0" tests="1" name="TestNg.Parallelflipkart" time="34.181" errors="0" timestamp="2021-10-29T11:17:40 IST" skipped="0">
  <testcase classname="TestNg.Parallelflipkart" name="nav2" time="34.181"/>
  <system-out/>
</testsuite> <!-- TestNg.Parallelflipkart -->
