<?xml version="1.0" encoding="UTF-8"?>
<!-- Generated by org.testng.reporters.JUnitReportReporter -->
<testsuite hostname="DESKTOP-3GVO40S" failures="0" tests="1" name="TestNg.Parallelamazon" time="53.227" errors="0" timestamp="2021-10-29T11:17:40 IST" skipped="0">
  <testcase classname="TestNg.Parallelamazon" name="nav3" time="53.227"/>
  <system-out/>
</testsuite> <!-- TestNg.Parallelamazon -->
