<?xml version="1.0" encoding="UTF-8"?>
<!-- Generated by org.testng.reporters.JUnitReportReporter -->
<testsuite hostname="DESKTOP-3GVO40S" failures="0" tests="1" name="TestNg.Group2$Group1" time="0.011" errors="0" timestamp="2021-10-29T10:49:34 IST" skipped="0">
  <testcase classname="TestNg.Group2$Group1" name="smoke1" time="0.011"/>
  <system-out/>
</testsuite> <!-- TestNg.Group2$Group1 -->
