<?xml version="1.0" encoding="UTF-8"?>
<!-- Generated by org.testng.reporters.JUnitReportReporter -->
<testsuite hostname="DESKTOP-3GVO40S" failures="0" tests="5" name="TestNg.TestCase4" time="146.100" errors="0" timestamp="2021-10-28T12:37:21 IST" skipped="0">
  <testcase classname="TestNg.TestCase4" name="actiTimeTestNg" time="28.386"/>
  <system-out/>
  <testcase classname="TestNg.TestCase4" name="actiTimeTestNg" time="33.678"/>
  <system-out/>
  <testcase classname="TestNg.TestCase4" name="actiTimeTestNg" time="33.507"/>
  <system-out/>
  <testcase classname="TestNg.TestCase4" name="actiTimeTestNg" time="23.550"/>
  <system-out/>
  <testcase classname="TestNg.TestCase4" name="actiTimeTestNg" time="26.979"/>
  <system-out/>
</testsuite> <!-- TestNg.TestCase4 -->
