<?xml version="1.0" encoding="UTF-8"?>
<!-- Generated by org.testng.reporters.JUnitReportReporter -->
<testsuite hostname="DESKTOP-3GVO40S" failures="0" tests="2" name="TestNg.CrossBrowser" time="189.384" errors="0" timestamp="2021-11-03T09:34:10 IST" skipped="0">
  <testcase classname="TestNg.CrossBrowser" name="cross" time="103.345"/>
  <system-out/>
  <testcase classname="TestNg.CrossBrowser" name="cross" time="86.039"/>
  <system-out/>
</testsuite> <!-- TestNg.CrossBrowser -->
