<?xml version="1.0" encoding="UTF-8"?>
<!-- Generated by org.testng.reporters.JUnitReportReporter -->
<testsuite hostname="DESKTOP-3GVO40S" failures="0" tests="1" name="TestNg.Parallelsnapdeal" time="60.583" errors="0" timestamp="2021-10-29T11:17:40 IST" skipped="0">
  <testcase classname="TestNg.Parallelsnapdeal" name="nav1" time="60.583"/>
  <system-out/>
</testsuite> <!-- TestNg.Parallelsnapdeal -->
