<?xml version="1.0" encoding="UTF-8"?>
<!-- Generated by org.testng.reporters.JUnitReportReporter -->
<testsuite hostname="DESKTOP-3GVO40S" failures="0" tests="2" name="TestNg.TestCase12" time="50.175" errors="0" timestamp="2021-10-28T12:37:21 IST" skipped="0">
  <testcase classname="TestNg.TestCase12" name="loginname" time="26.027"/>
  <system-out/>
  <testcase classname="TestNg.TestCase12" name="loginname" time="24.148"/>
  <system-out/>
</testsuite> <!-- TestNg.TestCase12 -->
