<?xml version="1.0" encoding="UTF-8"?>
<!-- Generated by org.testng.reporters.JUnitReportReporter -->
<testsuite hostname="DESKTOP-3GVO40S" failures="0" tests="4" name="TestNg.TestCase6" time="0.010" errors="0" timestamp="2021-10-28T12:37:21 IST" skipped="0">
  <testcase classname="TestNg.TestCase6" name="c1" time="0.003"/>
  <system-out/>
  <testcase classname="TestNg.TestCase6" name="b1" time="0.003"/>
  <system-out/>
  <testcase classname="TestNg.TestCase6" name="a1" time="0.002"/>
  <system-out/>
  <testcase classname="TestNg.TestCase6" name="d1" time="0.002"/>
  <system-out/>
</testsuite> <!-- TestNg.TestCase6 -->
