<?xml version="1.0" encoding="UTF-8"?>
<!-- Generated by org.testng.reporters.JUnitReportReporter -->
<testsuite hostname="DESKTOP-3GVO40S" failures="0" tests="1" name="TestNg.TestCase8" time="0.003" errors="0" timestamp="2021-10-28T12:37:21 IST" skipped="0">
  <testcase classname="TestNg.TestCase8" name="login" time="0.003"/>
  <system-out>
    <![CDATA[its is a test report
test case id 12345678]]>
  </system-out>
</testsuite> <!-- TestNg.TestCase8 -->
