<?xml version="1.0" encoding="UTF-8"?>
<!-- Generated by org.testng.reporters.JUnitReportReporter -->
<testsuite hostname="DESKTOP-3GVO40S" failures="0" tests="1" name="TestNg.Group1" time="0.003" errors="0" timestamp="2021-10-29T10:49:34 IST" skipped="0">
  <testcase classname="TestNg.Group1" name="smoke" time="0.003"/>
  <system-out/>
</testsuite> <!-- TestNg.Group1 -->
