<?xml version="1.0" encoding="UTF-8"?>
<!-- Generated by org.testng.reporters.JUnitReportReporter -->
<testsuite hostname="DESKTOP-3GVO40S" failures="0" tests="2" name="TestNg.TestCase11" time="58.936" errors="0" timestamp="2021-10-28T12:37:21 IST" skipped="0">
  <testcase classname="TestNg.TestCase11" name="loginname" time="40.799"/>
  <system-out/>
  <testcase classname="TestNg.TestCase11" name="loginname" time="18.137"/>
  <system-out/>
</testsuite> <!-- TestNg.TestCase11 -->
