<?xml version="1.0" encoding="UTF-8"?>
<!-- Generated by org.testng.reporters.JUnitReportReporter -->
<testsuite hostname="DESKTOP-3GVO40S" failures="0" tests="2" name="TestNg.TestingVtigerPage" time="93.204" errors="0" timestamp="2021-10-28T10:46:24 IST" skipped="0">
  <testcase classname="TestNg.TestingVtigerPage" name="VtigerPageTesting" time="50.518"/>
  <system-out/>
  <testcase classname="TestNg.TestingVtigerPage" name="VtigerPageTesting" time="42.686"/>
  <system-out/>
</testsuite> <!-- TestNg.TestingVtigerPage -->
